<?xml version="1.0" encoding="UTF-8"?>
<!-- Generated by org.testng.reporters.JUnitXMLReporter -->
<testsuite ignored="1" hostname="ankit" failures="0" tests="5" name="Default test" time="0.081" errors="0" timestamp="2023-03-28T23:29:01 IST">
  <testcase classname="test.BasicDemo3" name="phoneLogin" time="0.011"/>
  <testcase classname="test.BasicDemo3" name="phoneRegin" time="0.002"/>
  <testcase classname="test.BasicDemo3" name="apiLogin" time="0.002"/>
  <testcase classname="test.BasicDemo3" name="phoneSignin" time="0.005"/>
  <testcase classname="test.BasicDemo3" name="phoneLogout" time="0.001"/>
  <testcase classname="test.BasicDemo3" name="webLogin" time="0.0">
    <ignored/>
  </testcase> <!-- webLogin -->
</testsuite> <!-- Default test -->
