<?xml version="1.0" encoding="UTF-8"?>
<!-- Generated by org.testng.reporters.JUnitXMLReporter -->
<testsuite ignored="6" hostname="ankit" failures="0" tests="3" name="RegressionTest" time="0.064" errors="0" timestamp="2023-03-28T23:13:42 IST">
  <testcase classname="test.BasicDemo" name="demo" time="0.008"/>
  <testcase classname="test.BasicDemo2" name="run1" time="0.001"/>
  <testcase classname="test.BasicDemo3" name="apiLogin" time="0.002"/>
  <testcase classname="test.BasicDemo3" name="phoneRegin" time="0.0">
    <ignored/>
  </testcase> <!-- phoneRegin -->
  <testcase classname="test.BasicDemo3" name="phoneLogin" time="0.0">
    <ignored/>
  </testcase> <!-- phoneLogin -->
  <testcase classname="test.BasicDemo3" name="phoneSignin" time="0.0">
    <ignored/>
  </testcase> <!-- phoneSignin -->
  <testcase classname="test.BasicDemo3" name="phoneLogout" time="0.0">
    <ignored/>
  </testcase> <!-- phoneLogout -->
  <testcase classname="test.BasicDemo3" name="webLogin" time="0.0">
    <ignored/>
  </testcase> <!-- webLogin -->
  <testcase classname="test.BasicDemo2" name="run" time="0.0">
    <ignored/>
  </testcase> <!-- run -->
</testsuite> <!-- RegressionTest -->
