<?xml version="1.0" encoding="UTF-8"?>
<!-- Generated by org.testng.reporters.JUnitXMLReporter -->
<testsuite ignored="5" hostname="ankit" failures="0" tests="1" name="Third Class" time="0.214" errors="0" timestamp="2023-03-29T01:51:56 IST">
  <testcase classname="test.BasicDemo3" name="apiLogin" time="0.001"/>
  <testcase classname="test.BasicDemo3" name="phoneRegin" time="0.0">
    <ignored/>
  </testcase> <!-- phoneRegin -->
  <testcase classname="test.BasicDemo3" name="phoneLogin" time="0.0">
    <ignored/>
  </testcase> <!-- phoneLogin -->
  <testcase classname="test.BasicDemo3" name="phoneSignin" time="0.0">
    <ignored/>
  </testcase> <!-- phoneSignin -->
  <testcase classname="test.BasicDemo3" name="phoneLogout" time="0.0">
    <ignored/>
  </testcase> <!-- phoneLogout -->
  <testcase classname="test.BasicDemo3" name="webLogin" time="0.0">
    <ignored/>
  </testcase> <!-- webLogin -->
</testsuite> <!-- Third Class -->
